<?xml version="1.0" encoding="UTF-8"?>
<!-- Generated by org.testng.reporters.JUnitReportReporter -->
<testsuite hostname="Ajeesh-Laptop" failures="0" tests="1" name="Testcases.GetAllUsers" time="2.384" errors="0" timestamp="2022-09-15T14:42:03 IST" skipped="0">
  <testcase classname="Testcases.GetAllUsers" name="f" time="2.384"/>
  <system-out/>
</testsuite> <!-- Testcases.GetAllUsers -->
