<?xml version="1.0" encoding="UTF-8"?>
<!-- Generated by org.testng.reporters.JUnitReportReporter -->
<testsuite hostname="Ajeesh-Laptop" failures="0" tests="1" name="Testcases.GetListUser" time="0.506" errors="0" timestamp="2022-09-19T16:02:44 IST" skipped="0">
  <testcase classname="Testcases.GetListUser" name="f" time="0.506"/>
  <system-out/>
</testsuite> <!-- Testcases.GetListUser -->
