<?xml version="1.0" encoding="UTF-8"?>
<!-- Generated by org.testng.reporters.JUnitReportReporter -->
<testsuite hostname="Ajeesh-Laptop" failures="0" tests="1" name="Testcases.GetListUser1" time="1.804" errors="0" timestamp="2022-09-15T16:11:37 IST" skipped="0">
  <testcase classname="Testcases.GetListUser1" name="f" time="1.804"/>
  <system-out/>
</testsuite> <!-- Testcases.GetListUser1 -->
