<?xml version="1.0" encoding="UTF-8"?>
<!-- Generated by org.testng.reporters.JUnitReportReporter -->
<testsuite hostname="Ajeesh-Laptop" failures="0" tests="1" name="Testcases.RegisterUnSuccessful" time="1.021" errors="0" timestamp="2022-09-19T16:02:44 IST" skipped="0">
  <testcase classname="Testcases.RegisterUnSuccessful" name="registerUnSuccessful" time="1.021"/>
  <system-out/>
</testsuite> <!-- Testcases.RegisterUnSuccessful -->
