<?xml version="1.0" encoding="UTF-8"?>
<!-- Generated by org.testng.reporters.JUnitReportReporter -->
<testsuite hostname="Ajeesh-Laptop" failures="0" tests="1" name="Testcases.GetSingleResourse" time="0.496" errors="0" timestamp="2022-09-19T16:02:44 IST" skipped="0">
  <testcase classname="Testcases.GetSingleResourse" name="getSingleResourses" time="0.496"/>
  <system-out/>
</testsuite> <!-- Testcases.GetSingleResourse -->
