<?xml version="1.0" encoding="UTF-8"?>
<!-- Generated by org.testng.reporters.JUnitReportReporter -->
<testsuite hostname="Ajeesh-Laptop" failures="0" tests="1" name="Testcases.LoginUnSuccessful" time="4.244" errors="0" timestamp="2022-09-19T16:02:44 IST" skipped="0">
  <testcase classname="Testcases.LoginUnSuccessful" name="f" time="4.244"/>
  <system-out/>
</testsuite> <!-- Testcases.LoginUnSuccessful -->
