<?xml version="1.0" encoding="UTF-8"?>
<!-- Generated by org.testng.reporters.JUnitReportReporter -->
<testsuite hostname="Ajeesh-Laptop" failures="0" tests="1" name="Testcases.BookWebsite" time="7.801" errors="0" timestamp="2022-09-12T15:39:47 IST" skipped="0">
  <testcase classname="Testcases.BookWebsite" name="MainFunction" time="7.801"/>
  <system-out/>
</testsuite> <!-- Testcases.BookWebsite -->
