<?xml version="1.0" encoding="UTF-8"?>
<!-- Generated by org.testng.reporters.JUnitReportReporter -->
<testsuite hostname="Ajeesh-Laptop" failures="0" tests="1" name="Testcases.GetSingleResoursesNotFound" time="0.515" errors="0" timestamp="2022-09-19T16:02:44 IST" skipped="0">
  <testcase classname="Testcases.GetSingleResoursesNotFound" name="getSingleResoursesNotFound" time="0.515"/>
  <system-out/>
</testsuite> <!-- Testcases.GetSingleResoursesNotFound -->
