<?xml version="1.0" encoding="UTF-8"?>
<!-- Generated by org.testng.reporters.JUnitReportReporter -->
<testsuite hostname="Ajeesh-Laptop" failures="0" tests="1" name="Testcases.L_UnSuccess" time="5.352" errors="0" timestamp="2022-09-18T20:52:39 IST" skipped="0">
  <testcase classname="Testcases.L_UnSuccess" name="f" time="5.352"/>
  <system-out/>
</testsuite> <!-- Testcases.L_UnSuccess -->
