<?xml version="1.0" encoding="UTF-8"?>
<!-- Generated by org.testng.reporters.JUnitReportReporter -->
<testsuite hostname="Ajeesh-Laptop" failures="0" tests="1" name="Testcases.Delete" time="0.921" errors="0" timestamp="2022-09-19T16:02:44 IST" skipped="0">
  <testcase classname="Testcases.Delete" name="deleteMethod" time="0.921"/>
  <system-out/>
</testsuite> <!-- Testcases.Delete -->
